{
  "start": "2022-01-31T03:21:03.584Z",
  "end": "2022-01-31T03:21:49.360Z",
  "capabilities": {
    "acceptInsecureCerts": true,
    "browserName": "chrome",
    "browserVersion": "97.0.4692.99",
    "chrome": {
      "chromedriverVersion": "97.0.4692.71 (adefa7837d02a07a604c1e6eff0b3a09422ab88d-refs/branch-heads/4692@{#1247})",
      "userDataDir": "/var/folders/8d/q14kv_nn37jff320mq5lj7zh0000gn/T/.com.google.Chrome.Wb31Jh"
    },
    "goog:chromeOptions": {
      "debuggerAddress": "localhost:61150"
    },
    "networkConnectionEnabled": false,
    "pageLoadStrategy": "normal",
    "platformName": "mac os x",
    "proxy": {},
    "setWindowRect": true,
    "strictFileInteractability": false,
    "timeouts": {
      "implicit": 0,
      "pageLoad": 300000,
      "script": 30000
    },
    "unhandledPromptBehavior": "dismiss and notify",
    "webauthn:extension:credBlob": true,
    "webauthn:extension:largeBlob": true,
    "webauthn:virtualAuthenticators": true,
    "sessionId": "70030c4c8070d25beab100351136e6c4"
  },
  "host": "localhost",
  "port": 9515,
  "baseUrl": "http://fastshop.com.br",
  "framework": "mocha",
  "duration": 45776,
  "suites": [
    {
      "title": "Search and buy Macbook Pro",
      "duration": 45711,
      "start": "2022-01-31T03:21:03.590Z",
      "end": "2022-01-31T03:21:49.301Z",
      "tests": [
        {
          "title": "using an existing account",
          "start": "2022-01-31T03:21:03.590Z",
          "end": "2022-01-31T03:21:27.707Z",
          "duration": 24117,
          "state": "passed",
          "screenshots": []
        },
        {
          "title": "using a new account",
          "start": "2022-01-31T03:21:27.707Z",
          "end": "2022-01-31T03:21:49.300Z",
          "duration": 21593,
          "state": "failed",
          "screenshots": [],
          "error": {
            "type": "element click intercepted",
            "message": "element click intercepted: Element <button _ngcontent-tnl-c219=\"\" type=\"submit\" class=\"btn btn-green\">...</button> is not clickable at point (599, 772). Other element would receive the click: <div id=\"onetrust-policy\">...</div>\n  (Session info: chrome=97.0.4692.99)",
            "stack": "0   chromedriver                        0x0000000105f61e69 chromedriver + 5160553\n1   chromedriver                        0x0000000105eec593 chromedriver + 4679059\n2   chromedriver                        0x0000000105aa02c8 chromedriver + 172744\n3   chromedriver                        0x0000000105adcf6b chromedriver + 421739\n4   chromedriver                        0x0000000105adabaf chromedriver + 412591\n5   chromedriver                        0x0000000105ad8350 chromedriver + 402256\n6   chromedriver                        0x0000000105ad716b chromedriver + 397675\n7   chromedriver                        0x0000000105acad19 chromedriver + 347417\n8   chromedriver                        0x0000000105af3362 chromedriver + 512866\n9   chromedriver                        0x0000000105aca5b5 chromedriver + 345525\n10  chromedriver                        0x0000000105af367e chromedriver + 513662\n11  chromedriver                        0x0000000105b060ab chromedriver + 589995\n12  chromedriver                        0x0000000105af3623 chromedriver + 513571\n13  chromedriver                        0x0000000105ac8dce chromedriver + 339406\n14  chromedriver                        0x0000000105aca105 chromedriver + 344325\n15  chromedriver                        0x0000000105f1d23e chromedriver + 4878910\n16  chromedriver                        0x0000000105f34d17 chromedriver + 4975895\n17  chromedriver                        0x0000000105f3aa3f chromedriver + 4999743\n18  chromedriver                        0x0000000105f3561a chromedriver + 4978202\n19  chromedriver                        0x0000000105f11bb1 chromedriver + 4832177\n20  chromedriver                        0x0000000105f51fd8 chromedriver + 5095384\n21  chromedriver                        0x0000000105f52161 chromedriver + 5095777\n22  chromedriver                        0x0000000105f692a8 chromedriver + 5190312\n23  libsystem_pthread.dylib             0x00007ff802ae44f4 _pthread_start + 125\n24  libsystem_pthread.dylib             0x00007ff802ae000f thread_start + 15\n"
          }
        }
      ],
      "hooks": []
    }
  ],
  "specs": [
    "/Users/eduardocestari/Projetos/Jobs/klok/test/specs/fastShop.e2e.js"
  ],
  "state": {
    "passed": 1,
    "failed": 1,
    "skipped": 0
  }
}